<?xml version="1.0" encoding="UTF-8"?>
<testng-results skipped="0" failed="0" total="1" passed="1">
  <reporter-output>
  </reporter-output>
  <suite name="Default suite" duration-ms="3715" started-at="2020-04-24T12:27:36Z" finished-at="2020-04-24T12:27:40Z">
    <groups>
    </groups>
    <test name="Default test" duration-ms="3715" started-at="2020-04-24T12:27:36Z" finished-at="2020-04-24T12:27:40Z">
      <class name="apiTest.E2E_Test">
        <test-method status="PASS" signature="e2e_test()[pri:0, instance:apiTest.E2E_Test@445b84c0]" name="e2e_test" duration-ms="3700" started-at="2020-04-24T17:57:36Z" finished-at="2020-04-24T17:57:40Z">
          <reporter-output>
          </reporter-output>
        </test-method> <!-- e2e_test -->
      </class> <!-- apiTest.E2E_Test -->
    </test> <!-- Default test -->
  </suite> <!-- Default suite -->
</testng-results>
